Noswald joined the game.
FireWhisper joined the game.
GrimHair joined the game.
SlyToe joined the game.
SlackFinder joined the game.
SillyHair joined the game.
DarkSnail joined the game.
SillyHair fell off the bottom of the screen. :( whomp whomp. 
SoftToe joined the game.
SlyToe was crunched by Noswald. :( whomp whomp. 
ClingRoot joined the game.
SlackFinder was crunched by Noswald. :( whomp whomp. 
DarkSnail was crunched by Noswald. :( whomp whomp. 
StikWart joined the game.
ClingTounge joined the game.
CryHair joined the game.
StikWart was crunched by Noswald. :( whomp whomp. 
SoupStone joined the game.
GrimHair fell off the screen. :( whomp whomp. 
WeirdTooth joined the game.
SoftToe fell off the screen. :( whomp whomp. 
ClingRoot fell off the screen. :( whomp whomp. 
BushFox joined the game.
SlySnail joined the game.
DarkBrow joined the game.
RoughWhisper joined the game.
CryHair fell off the screen. :( whomp whomp. 
DarkBrow fell off the bottom of the screen. :( whomp whomp. 
SoupStone fell off the screen. :( whomp whomp. 
WeirdRoot joined the game.
ClingTounge fell off the screen. :( whomp whomp. 
SneakFox joined the game.
FarMouth joined the game.
MudWhisper joined the game.
WeirdTooth fell off the screen. :( whomp whomp. 
FarMouth fell off the bottom of the screen. :( whomp whomp. 
ThinRoot joined the game.
HardJaw joined the game.
SlySnail fell off the screen. :( whomp whomp. 
BushFox fell off the screen. :( whomp whomp. 
SearHair joined the game.
RoughWhisper fell off the screen. :( whomp whomp. 
HardJaw fell off the bottom of the screen. :( whomp whomp. 
SoupMouth joined the game.
ThinFall joined the game.
WeirdRoot fell off the screen. :( whomp whomp. 
FishNose joined the game.
SearHair was crunched by Noswald. :( whomp whomp. 
ThinFall fell off the bottom of the screen. :( whomp whomp. 
RiverToe joined the game.
MudWhisper fell off the screen. :( whomp whomp. 
SoupMouth was crunched by Noswald. :( whomp whomp. 
FishNose was crunched by Noswald. :( whomp whomp. 
ThinRoot fell off the screen. :( whomp whomp. 
SneakFox fell off the screen. :( whomp whomp. 
SlyHair joined the game.
FarFoot joined the game.
SlyHair was crunched by Noswald. :( whomp whomp. 
SadToe joined the game.
ZenJaw joined the game.
FireFoot joined the game.
RiverToe fell off the screen. :( whomp whomp. 
SadToe was crunched by Noswald. :( whomp whomp. 
ZenJaw was crunched by Noswald. :( whomp whomp. 
ClingShirt joined the game.
SoupFox joined the game.
SlimToe joined the game.
CryBrow joined the game.
FarFoot fell off the screen. :( whomp whomp. 
SoupFox fell off the bottom of the screen. :( whomp whomp. 
FishBlade joined the game.
CryBrow fell off the bottom of the screen. :( whomp whomp. 
BushSeek joined the game.
GrimNose joined the game.
FireFoot fell off the screen. :( whomp whomp. 
ClingShirt fell off the screen. :( whomp whomp. 
RoughBeard joined the game.
FatTounge joined the game.
ClingFinder joined the game.
SlimToe fell off the screen. :( whomp whomp. 
FatTounge fell off the bottom of the screen. :( whomp whomp. 
FishBlade fell off the screen. :( whomp whomp. 
OakLip joined the game.
RiverLip joined the game.
BushSeek fell off the screen. :( whomp whomp. 
RoughBeard was crunched by Noswald. :( whomp whomp. 
ZenFry joined the game.
RiverLip fell off the bottom of the screen. :( whomp whomp. 
SoupHair joined the game.
SillyNose joined the game.
GrimNose fell off the screen. :( whomp whomp. 
BatTounge joined the game.
ClingFinder fell off the screen. :( whomp whomp. 
SillyNose fell off the bottom of the screen. :( whomp whomp. 
StikMouth joined the game.
RoughRoot joined the game.
OakLip fell off the screen. :( whomp whomp. 
SoupHair fell off the screen. :( whomp whomp. 
FatTwig joined the game.
ZenFry fell off the screen. :( whomp whomp. 
FatBlade joined the game.
ClingMouth joined the game.
BatTounge fell off the screen. :( whomp whomp. 
CryWart joined the game.
StikMouth fell off the screen. :( whomp whomp. 
ClingMouth fell off the bottom of the screen. :( whomp whomp. 
RoughJaw joined the game.
DirtNose joined the game.
RoughRoot fell off the screen. :( whomp whomp. 
FatTwig fell off the screen. :( whomp whomp. 
BushToe joined the game.
SlimTounge joined the game.
RoughJaw was crunched by Noswald. :( whomp whomp. 
DirtNose fell off the bottom of the screen. :( whomp whomp. 
FatBlade fell off the screen. :( whomp whomp. 
MudFry joined the game.
CryWart fell off the screen. :( whomp whomp. 
SlimTounge fell off the bottom of the screen. :( whomp whomp. 
BushLeaf joined the game.
BatShirt joined the game.
GrimBrow joined the game.
BushToe fell off the screen. :( whomp whomp. 
SoupJaw joined the game.
GrimBrow fell off the bottom of the screen. :( whomp whomp. 
MudFry fell off the screen. :( whomp whomp. 
HardTounge joined the game.
BushLeaf fell off the screen. :( whomp whomp. 
FarFace joined the game.
BatShirt fell off the screen. :( whomp whomp. 
FatLip joined the game.
SoupJaw fell off the screen. :( whomp whomp. 
SadLeaf joined the game.
HardTounge fell off the screen. :( whomp whomp. 
FatJaw joined the game.
FarFace fell off the screen. :( whomp whomp. 
SadSeek joined the game.
FatLip fell off the screen. :( whomp whomp. 
SearFall joined the game.
SadLeaf fell off the screen. :( whomp whomp. 
CryShirt joined the game.
FatJaw fell off the screen. :( whomp whomp. 
SlackEar joined the game.
SadSeek fell off the screen. :( whomp whomp. 
RiverTail joined the game.
SearFall fell off the screen. :( whomp whomp. 
SearFoot joined the game.
SlackBeard joined the game.
CryShirt fell off the screen. :( whomp whomp. 
SneakFoot joined the game.
SearFoot was crunched by Noswald. :( whomp whomp. 
SlackBeard fell off the bottom of the screen. :( whomp whomp. 
CrookBeard joined the game.
RiverTail fell off the screen. :( whomp whomp. 
SlackEar fell off the screen. :( whomp whomp. 
SneakFoot was crunched by Noswald. :( whomp whomp. 
DirtFall joined the game.
BarkStone joined the game.
MudTwig joined the game.
WeirdShirt joined the game.
CrookBeard fell off the screen. :( whomp whomp. 
MudTwig fell off the bottom of the screen. :( whomp whomp. 
FishTail joined the game.
FishFist joined the game.
DirtFall fell off the screen. :( whomp whomp. 
SneakEar joined the game.
ZenWhisper joined the game.
FishFist died. :( whomp whomp. 
FireToe joined the game.
FireToe died. :( whomp whomp. 
DarkHair joined the game.
DarkHair died. :( whomp whomp. 
ClingBlade joined the game.
BarkStone fell off the screen. :( whomp whomp. 
ClingBlade died. :( whomp whomp. 
SootJaw joined the game.
FatHair joined the game.
SootJaw died. :( whomp whomp. 
GrimVoice joined the game.
WeirdShirt fell off the screen. :( whomp whomp. 
ZenWhisper fell off the bottom of the screen. :( whomp whomp. 
GrimVoice died. :( whomp whomp. 
BatBlade joined the game.
ThinLip joined the game.
FishTail fell off the screen. :( whomp whomp. 
BatBlade fell off the bottom of the screen. :( whomp whomp. 
SoftJaw joined the game.
SneakEar fell off the screen. :( whomp whomp. 
SoftFox joined the game.
SoupHair joined the game.
FatHair fell off the screen. :( whomp whomp. 
SearWhisper joined the game.
ThinLip fell off the screen. :( whomp whomp. 
SoupHair fell off the bottom of the screen. :( whomp whomp. 
SoftJaw fell off the screen. :( whomp whomp. 
SootFox joined the game.
SearWhisper was crunched by Noswald. :( whomp whomp. 
ZenMouth joined the game.
SoftFox fell off the screen. :( whomp whomp. 
DirtNose joined the game.
CrookFace joined the game.
FarLeaf joined the game.
SootFox fell off the screen. :( whomp whomp. 
CrookFace fell off the bottom of the screen. :( whomp whomp. 
WeirdFall joined the game.
ZenMouth fell off the screen. :( whomp whomp. 
SootSeek joined the game.
DirtNose fell off the screen. :( whomp whomp. 
WeirdFall was crunched by Noswald. :( whomp whomp. 
RoughShirt joined the game.
FarLeaf fell off the screen. :( whomp whomp. 
DarkFinder joined the game.
DarkTooth joined the game.
RiverShirt joined the game.
DarkFinder was crunched by Noswald. :( whomp whomp. 
SootSeek fell off the screen. :( whomp whomp. 
RoughShirt fell off the screen. :( whomp whomp. 
DirtSeek joined the game.
RiverShirt fell off the bottom of the screen. :( whomp whomp. 
FarFist joined the game.
FarFist was crunched by Noswald. :( whomp whomp. 
DarkFace joined the game.
DarkTooth fell off the screen. :( whomp whomp. 
DirtSeek fell off the screen. :( whomp whomp. 
HardBrow joined the game.
HookHair joined the game.
DarkFace fell off the screen. :( whomp whomp. 
SearLip joined the game.
HardBrow fell off the screen. :( whomp whomp. 
FarFoot joined the game.
HookHair fell off the screen. :( whomp whomp. 
SlyFry joined the game.
SearLip fell off the screen. :( whomp whomp. 
DarkShirt joined the game.
FarFoot fell off the screen. :( whomp whomp. 
SoupFry joined the game.
SlyFry fell off the screen. :( whomp whomp. 
MudLeaf joined the game.
DarkShirt fell off the screen. :( whomp whomp. 
SoupVoice joined the game.
SoupFry fell off the screen. :( whomp whomp. 
HookWhisper joined the game.
MudLeaf fell off the screen. :( whomp whomp. 
RiverWart joined the game.
SlackWart joined the game.
SoupVoice fell off the screen. :( whomp whomp. 
SneakBeard joined the game.
HookWhisper fell off the screen. :( whomp whomp. 
SlackWart fell off the bottom of the screen. :( whomp whomp. 
SearMouth joined the game.
RiverWart fell off the screen. :( whomp whomp. 
SlimSnail joined the game.
RoughBlade joined the game.
SneakBeard fell off the screen. :( whomp whomp. 
RoughFall joined the game.
SearMouth fell off the screen. :( whomp whomp. 
RoughBlade fell off the bottom of the screen. :( whomp whomp. 
CryFall joined the game.
SlimSnail fell off the screen. :( whomp whomp. 
RiverHair joined the game.
CryFall was crunched by Noswald. :( whomp whomp. 
